0:100  0:100  MemLog inited, TSC freq: 2294687804
0:100  0:000  
0:100  0:000  Now is 1.12.2017,  13:54:25 (GMT)
0:100  0:000  Starting Clover revision: 4063 on INSYDE Corp. EFI
0:100  0:000  Build with: [Args: -mc --no-usb -D NO_GRUB_DRIVERS_EMBEDDED -D CHECK_FLAGS -t XCODE8 | -D DISABLE_USB_SUPPORT -D NO_GRUB_DRIVERS_EMBEDDED -D CHECK_FLAGS -D USE_BIOS_BLOCKIO -D USE_LOW_EBDA -a X64 -b RELEASE -t XCODE8 -n 9 | OS: 10.12.4 | XCODE: 8.3.2]
0:100  0:000  SelfDevicePath=PciRoot(0x0)\Pci(0x1D,0x0)\USB(0x0,0x0)\USB(0x4,0x0)\HD(1,MBR,0x0015256A,0x400,0x32000) @98517D18
0:100  0:000  SelfDirPath = \EFI\BOOT
0:102  0:002  === [ Get Smbios ] ========================================
0:102  0:000  Type 16 Index = 0
0:102  0:000  Total Memory Slots Count = 2
0:102  0:000  Type 17 Index = 0
0:102  0:000  SmbiosTable.Type17->Speed = 1600MHz
0:102  0:000  SmbiosTable.Type17->Size = 4096MB
0:102  0:000  SmbiosTable.Type17->Bank/Device = BANK 0 DIMM0
0:102  0:000  SmbiosTable.Type17->Vendor = Hynix
0:102  0:000  SmbiosTable.Type17->SerialNumber = 00000000
0:102  0:000  SmbiosTable.Type17->PartNumber = HMT451S6MFR6A-PB  
0:102  0:000  Type 17 Index = 1
0:102  0:000  SmbiosTable.Type17->Speed = 1600MHz
0:102  0:000  SmbiosTable.Type17->Size = 4096MB
0:102  0:000  SmbiosTable.Type17->Bank/Device = BANK 2 DIMM1
0:102  0:000  SmbiosTable.Type17->Vendor = Hynix
0:102  0:000  SmbiosTable.Type17->SerialNumber = 0240E754
0:102  0:000  SmbiosTable.Type17->PartNumber = HMT451S6AFR8A-PB  
0:102  0:000  Boot status=0
0:102  0:000  Running on: 'Aspire V5-473G' with board 'Polaris_HW'
0:102  0:000  === [ GetCPUProperties ] ==================================
0:102  0:000  CPU Vendor = 756E6547 Model=40651
0:102  0:000   The CPU supported SSE4.1
0:102  0:000  The CPU supported turbo
0:102  0:000  BrandString = Intel(R) Core(TM) i5-4200U CPU @ 1.60GHz
0:102  0:000  MSR 0xE2 before patch 1E008405
0:102  0:000  MSR 0xE2 is locked, PM patches will be turned on
0:102  0:000  MSR 0xCE              0008083D_F3011700
0:102  0:000  MSR 0x1A0             00850089
0:102  0:000  corrected FLEX_RATIO = 0
0:102  0:000  MSR 0x1B0             00000000
0:102  0:000  FSBFrequency = 65 MHz, DMI FSBFrequency = 100 MHz, Corrected FSBFrequency = 100 MHz
0:102  0:000  MaxDiv/MinDiv: 23.0/8
0:102  0:000  Turbo: 23/23/23/26
0:102  0:000  Features: 0xBFEBFBFF
0:102  0:000  Threads: 4
0:102  0:000  Cores: 2
0:102  0:000  FSB: 25 MHz
0:102  0:000  CPU: 1500 MHz
0:102  0:000  TSC: 1500 MHz
0:102  0:000  PIS: 100 MHz
0:102  0:000  === [ GetDevices ] ========================================
0:102  0:000  PCI (00|00:00.00) : 8086 0A04 class=060000
0:102  0:000  PCI (00|00:02.00) : 8086 0A16 class=030000
0:102  0:000   - GFX: Model=Intel HD Graphics 4400 (Intel)
0:102  0:000  PCI (00|00:03.00) : 8086 0A0C class=040300
0:102  0:000  PCI (00|00:14.00) : 8086 9C31 class=0C0330
0:102  0:000  PCI (00|00:16.00) : 8086 9C3A class=078000
0:102  0:000  PCI (00|00:1B.00) : 8086 9C20 class=040300
0:102  0:000  PCI (00|00:1C.00) : 8086 9C10 class=060400
0:102  0:000  PCI (00|00:1C.02) : 8086 9C14 class=060400
0:102  0:000  PCI (00|04:00.00) : 168C 0034 class=028000
0:102  0:000   - WIFI: Vendor=Atheros
0:102  0:000  PCI (00|00:1C.03) : 8086 9C16 class=060400
0:102  0:000  PCI (00|05:00.00) : 10EC 5287 class=FF0000
0:102  0:000  PCI (00|05:00.01) : 10EC 8168 class=020000
0:102  0:000   - LAN: 0 Vendor=Realtek
0:102  0:000  PCI (00|00:1C.04) : 8086 9C18 class=060400
0:102  0:000  PCI (00|01:00.00) : 10DE 1292 class=030200
0:102  0:000  PCI (00|00:1D.00) : 8086 9C26 class=0C0320
0:102  0:000  PCI (00|00:1F.00) : 8086 9C43 class=060100
0:102  0:000  PCI (00|00:1F.02) : 8086 9C03 class=010601
0:102  0:000  PCI (00|00:1F.03) : 8086 9C22 class=0C0500
0:102  0:000  PCI (00|00:1F.06) : FFFF FFFF class=FFFFFF
0:102  0:000  === [ GetDefaultSettings ] ================================
0:102  0:000  Clover load options size = 0 bytes
0:119  0:016  EFI\CLOVER\config.plist loaded: Success
0:119  0:000  === [ GetListOfThemes ] ===================================
0:121  0:002  - [00]: embedded
0:125  0:003  - [00]: newyear
0:138  0:012  - [01]: OSS
0:146  0:008  - [02]: random
0:149  0:002  - [02]: elcaptain
0:161  0:012  === [ Found config plists ] ===============================
0:161  0:000  - config.plist
0:165  0:003  === [ GetEarlyUserSettings ] ==============================
0:165  0:000  timeout set to 1
0:165  0:000  Custom boot CUSTOM_BOOT_DISABLED (0x0)
0:165  0:000  KextsToPatch: 9 requested
0:165  0:000   - [00]: AppleHDA (Expect 2 matches) :: BinPatch :: data len: 4
0:165  0:000   - [01]: AirPortBrcm4360 (AirPortBrcm4360 - fcvo, 10.12.x (credit the-darkvoid)) :: MatchOS: 10.12.x :: BinPatch :: data len: 8
0:165  0:000   - [02]: AppleHDA (Expect 2 matches) :: BinPatch :: data len: 4
0:165  0:000   - [03]: AppleHDA (Expect 2 matches) :: BinPatch :: data len: 4
0:165  0:000   - [04]: IOAHCIBlockStorage (Enable TRIM for SSD) :: BinPatch :: data len: 11
0:165  0:000   - [05]: IOGraphicsFamily (Boot graphics glitch, 10.12.dp1 (credit denskop)) :: MatchOS: 10.12.x :: BinPatch :: data len: 5
0:165  0:000   - [06]: AppleIntelFramebufferAzul (Isolate IntelAccelerator HD4600 (10.11.6 & 10.12)) :: MatchOS: 10.12.x :: BinPatch :: data len: 7
0:165  0:000   - [07]: AppleAHCIPort (External icons patch) :: BinPatch :: data len: 8
0:165  0:000   - [08]: com.apple.driver.usb.AppleUSBXHCIPCI (change 15 port limit to 20 in XHCI kext (9-series)) :: MatchOS: 10.12.x :: BinPatch :: data len: 7
0:165  0:000  Default theme: elcaptain
0:165  0:000  Hiding entries with string Windows
0:165  0:000  Hiding entries with string BOOTX64.EFI
0:165  0:000  === [ LoadDrivers ] =======================================
0:165  0:000  Loading AppleImageCodec-64.efi  status=Success
0:165  0:000  Loading AppleKeyAggregator-64.efi  status=Success
0:165  0:000  Loading AppleUITheme-64.efi  status=Success
0:165  0:000  Loading DataHubDxe-64.efi  status=Success
0:166  0:000  Loading Fat-64.efi  status=Success
0:170  0:004   - driver needs connecting
0:170  0:000  Loading FirmwareVolume-64.efi  status=Success
0:170  0:000  Loading FSInject-64.efi  status=Success
0:170  0:000  Loading HFSPlus-64.efi  status=Success
0:174  0:003   - driver needs connecting
0:174  0:000  Loading NTFS.efi  status=Success
0:181  0:007   - driver needs connecting
0:181  0:000  Loading OsxAptioFix2Drv-64.efi  status=Success
0:181  0:000  Loading OsxFatBinaryDrv-64.efi  status=Success
0:186  0:004  Loading PartitionDxe-64.efi  status=Success
0:186  0:000   - driver needs connecting
0:186  0:000  Loading SMCHelper-64.efi  status=Success
0:186  0:000  4 drivers needs connecting ...
0:186  0:000  PlatformDriverOverrideProtocol not found. Installing ... Success
0:186  0:000  Partition driver loaded: 
0:186  0:000  HFS+ driver loaded
0:186  0:000  Searching for invalid DiskIo BY_DRIVER connects: not found, all ok
0:510  0:323  === [ InitScreen ] ========================================
0:510  0:000  SetMaxResolution: found best mode 0: 1366x768
0:510  0:000   - already set
0:510  0:000  Console modes reported: 5, available modes:
0:510  0:000   - [01]: 80x25
0:510  0:000   - [03]: 170x40 (current mode)
0:510  0:000   - [04]: 100x31
0:510  0:000   - [05]: 128x40
0:510  0:000  SetScreenResolution: 1366x768 - already set
0:543  0:032  reinit: self device path=PciRoot(0x0)\Pci(0x1D,0x0)\USB(0x0,0x0)\USB(0x4,0x0)\HD(1,MBR,0x0015256A,0x400,0x32000)
0:544  0:000  Using embedded font: Error
0:546  0:002  === [ GetMacAddress ] =====================================
0:546  0:000  MAC address of LAN #0= 08:9E:01:F0:AA:7A:
0:546  0:000  === [ ScanSPD ] ===========================================
0:546  0:000  SMBus device : 8086 9C22 class=0C0500 status=Success
0:546  0:000  SMBus CmdReg: 0x3
0:546  0:000  Scanning SMBus [8086:9C22], mmio: 0xB3619004, ioport: 0x5040, hostc: 0x1
0:546  0:000  Slots to scan [8]...
0:547  0:000  SPD[2]: Type 11 @0x52
0:566  0:018  Not using XMP because it is not present
0:566  0:000  DDR speed 1600MHz
0:566  0:000  Slot: 2 Type 24 4096MB 1600MHz Vendor=Hynix Semiconductor PartNo=HMT451S6AFR8A-PBN0 SerialNo=000204000E070504
0:566  0:000  === [ GetAcpiTablesList ] =================================
0:567  0:000  Get Acpi Tables List from RSDT:
0:567  0:000   - [00]: FACP  ACRPRDCT len=268
0:567  0:000   - [01]: UEFI  ACRPRDCT len=566
0:567  0:000   - [02]: FPDT  ACRPRDCT len=68
0:567  0:000   - [03]: ASF!  ACRPRDCT len=165
0:567  0:000   - [04]: HPET  ACRPRDCT len=56
0:567  0:000   - [05]: APIC  ACRPRDCT len=140
0:567  0:000   - [06]: MCFG  ACRPRDCT len=60
0:567  0:000   - [07]: BOOT  ACRPRDCT len=40
0:567  0:000   - [08]: LPIT  ACRPRDCT len=148
0:567  0:000   - [09]: ASPT  ACRPRDCT len=52
0:567  0:000   - [10]: DBGP  ACRPRDCT len=52
0:567  0:000   - [11]: SSDT  ACRPRDCT len=1337
0:567  0:000   - [12]: SSDT  ACRPRDCT len=2776
0:567  0:000   - [13]: SSDT  ACRPRDCT len=12013
0:567  0:000   - [14]: SSDT  ACRPRDCT len=11433
0:567  0:000   - [15]: SSDT  ACRPRDCT len=2230
0:567  0:000   - [16]: BGRT  ACRPRDCT len=56
0:567  0:000  Calibrated TSC frequency =2294687804 =2294MHz
0:567  0:000  === [ GetUserSettings ] ===================================
0:567  0:000  USB FixOwnership: yes
0:567  0:000   - final DSDT Fix mask=00000010
0:567  0:000  PatchesDSDT: 1 requested
0:567  0:000   - [00]: (EHC1 to EH01) lenToFind: 4, lenToReplace: 4
0:567  0:000  ResetAddr: 0xCF9
0:567  0:000  Calc ResetVal: 0x6
0:567  0:000  ResetVal: 0x6
0:567  0:000  ChassisType: 0x8
0:572  0:004  === [ ScanVolumes ] =======================================
0:572  0:000  Found 7 volumes with blockIO
0:572  0:000  - [00]: Volume: PciRoot(0x0)\Pci(0x1D,0x0)\USB(0x0,0x0)\USB(0x4,0x0)
0:573  0:001          Result of bootcode detection: bootable unknown (legacy)
0:573  0:000          USB volume
0:573  0:000          USB volume
0:573  0:000  - [01]: Volume: PciRoot(0x0)\Pci(0x1D,0x0)\USB(0x0,0x0)\USB(0x4,0x0)\HD(1,MBR,0x0015256A,0x400,0x32000)
0:574  0:001          Result of bootcode detection: bootable Clover (clover)
0:574  0:000          USB volume
0:574  0:000          USB volume
0:578  0:003          This is SelfVolume !!
0:578  0:000  - [02]: Volume: PciRoot(0x0)\Pci(0x1D,0x0)\USB(0x0,0x0)\USB(0x4,0x0)\HD(2,MBR,0x0015256A,0x33000,0xB92000)
0:580  0:001          USB volume
0:580  0:000          USB volume
0:580  0:000  - [03]: Volume: PciRoot(0x0)\Pci(0x1F,0x2)\Sata(0x0,0x0,0x0)
0:580  0:000  - [04]: Volume: PciRoot(0x0)\Pci(0x1F,0x2)\Sata(0x0,0x0,0x0)\HD(1,GPT,956E5F41-13FE-43D5-B0AC-A1B645612EA2,0x28,0x64000)
0:580  0:000          Result of bootcode detection: bootable unknown (legacy)
0:580  0:000  - [05]: Volume: PciRoot(0x0)\Pci(0x1F,0x2)\Sata(0x0,0x0,0x0)\HD(2,GPT,23C59016-CFAE-4EED-8DCC-C2222BA0A4CC,0x64028,0xDDFAC40)
0:581  0:000  - [06]: Volume: PciRoot(0x0)\Pci(0x1F,0x2)\Sata(0x0,0x0,0x0)\HD(3,GPT,D46AE05B-3B4E-4708-BEF3-CDC6CF6A7158,0xDE5EC68,0x135F20)
0:581  0:000  === [ InitTheme ] =========================================
0:585  0:004  Using theme 'elcaptain' (EFI\CLOVER\themes\elcaptain)
0:585  0:000  OS main and drive as badge
0:596  0:010  Loading font from ThemeDir: Success
0:596  0:000  Choosing theme elcaptain
0:596  0:000  found boot-args in NVRAM:kext-dev-mode=1 rootless=0, size=27
0:596  0:000  ...found arg:kext-dev-mode=1
0:596  0:000  ...adding arg:kext-dev-mode=1
0:596  0:000  ...found arg:rootless=0
0:596  0:000  ...adding arg:rootless=0
0:596  0:000  after NVRAM boot-args=-xcpm kext-dev-mode=1 rootless=0 
0:596  0:000  === [ Dump SMC keys from NVRAM ] ==========================
0:596  0:000  found AppleSMC protocol
0:602  0:005  === [ ScanLoader ] ========================================
0:602  0:000  - [01]: 'CLOVER'
0:606  0:004  - [02]: 'install 1012'
0:610  0:003          AddLoaderEntry for Volume Name=install 1012
0:615  0:005      Check if volume Is Hibernated:
0:615  0:000      Check sleep image 'by signature':
0:620  0:004      using default sleep image name = \private\var\vm\sleepimage
0:624  0:004      sleepimage not found -> Not Found
0:624  0:000      hibernated: no - sign
0:648  0:024  not png, try icns
0:660  0:012  not png, try icns
0:661  0:000  - [04]: 'EFI'
0:661  0:000  - [05]: 'MacOs'
0:662  0:001          AddLoaderEntry for Volume Name=MacOs
0:666  0:003  not png, try icns
0:670  0:004  not png, try icns
0:672  0:001          AddLoaderEntry for Volume Name=MacOs
0:674  0:001      Check if volume Is Hibernated:
0:674  0:000      Check sleep image 'by signature':
0:676  0:002      read prefs \Library\Preferences\com.apple.PowerManagement.plist status=Success
0:676  0:000      using default sleep image name = \private\var\vm\sleepimage
0:677  0:001      no valid sleep image offset was found
0:677  0:000       sleepimage offset could not be acquired
0:677  0:000      hibernated: no - sign
0:678  0:000  not png, try icns
0:679  0:001  - [06]: 'Recovery HD'
0:679  0:000          AddLoaderEntry for Volume Name=Recovery HD
0:680  0:000  not png, try icns
0:687  0:007  not png, try icns
0:687  0:000  === [ AddCustomTool ] =====================================
0:691  0:003  found tool \EFI\CLOVER\tools\Shell64U.efi
0:691  0:000  Checking EFI partition Volume 4 for Clover
0:691  0:000   Found Clover
0:700  0:008  === [ GetEfiBootDeviceFromNvram ] =========================
0:700  0:000   - efi-boot-device-data: PciRoot(0x0)\Pci(0x1D,0x0)\USB(0x0,0x0)\USB(0x4,0x0)\HD(2,MBR,0x0015256A,0x65000,0xE83C00)\.IABootFiles\boot.efii
0:700  0:000    - Volume: 'PciRoot(0x0)\Pci(0x1D,0x0)\USB(0x0,0x0)\USB(0x4,0x0)\HD(2,MBR,0x0015256A,0x65000,0xE83C00)'
0:700  0:000    - LoaderPath: '\.IABootFiles\boot.efi'
0:700  0:000  === [ FindStartupDiskVolume ] =============================
0:700  0:000    - Volume: partition = PciRoot(0x0)\Pci(0x1D,0x0)\USB(0x0,0x0)\USB(0x4,0x0)\HD(2,MBR,0x0015256A,0x65000,0xE83C00)
0:700  0:000     - searching for that partition and loader '\.IABootFiles\boot.efi'
0:700  0:000      - [!] not found
0:700  0:000     - searching again, but comparing Media dev path nodes
0:700  0:000      - [!] not found
0:700  0:000     - searching for that partition
0:700  0:000      - [!] not found
0:700  0:000     - searching again, but comparing Media dev path nodes
0:700  0:000      - [!] not found
0:700  0:000  Default boot entry not found
0:700  0:000  DefaultIndex=-1 and MainMenu.EntryCount=10
1:212  0:512  GUI ready
4:730  3:518  Found UEFI Acpi 2.0 RSDP at 9AFFE014
4:730  0:000  Saving ACPI tables from RSDP 9AFFE014 to EFI\CLOVER\ACPI\origin ...
4:730  0:000   9AFFE014: 'RSD PTR ', Rev: 2 (Acpi 2.0 or newer), Len: 36 -> RSDP.aml - Not Found
4:732  0:001  Found UEFI Acpi 1.0 RSDP at 9AFFE000
4:732  0:000  Printing ACPI tables from RSDP 9AFFE000 ...
4:732  0:000   9AFFE000: 'RSD PTR ', Rev: 0 (Acpi 1.0), Len: 20
4:732  0:000    (Rsdt: 9AFFE038)
4:732  0:000    9AFFE038: 'RSDT', 'ACRPRDCT', Rev: 1, Len: 104
4:732  0:000    Tables in Rsdt: 17
4:732  0:000    0. 9AFF8000: 'FACP', 'ACRPRDCT', Rev: 5, Len: 268
4:732  0:000        (Dsdt: 9AFE6000, Facs: 9AFBA000, XDsdt: 9AFE6000, XFacs: 0)
4:732  0:000        9AFE6000: 'DSDT', 'ACRPRDCT', Rev: 1, Len: 60408
4:734  0:002        9AFBA000: 'FACS', Ver: 2, Len: 64
4:734  0:000    1. 9AFFD000: 'UEFI', 'ACRPRDCT', Rev: 1, Len: 566
4:734  0:000    2. 9AFFB000: 'FPDT', 'ACRPRDCT', Rev: 1, Len: 68
4:734  0:000    3. 9AFF9000: 'ASF!', 'ACRPRDCT', Rev: 32, Len: 165
4:734  0:000    4. 9AFF7000: 'HPET', 'ACRPRDCT', Rev: 1, Len: 56
4:734  0:000    5. 9AFF6000: 'APIC', 'ACRPRDCT', Rev: 3, Len: 140
4:734  0:000    6. 9AFF5000: 'MCFG', 'ACRPRDCT', Rev: 1, Len: 60
4:734  0:000    7. 9AFE4000: 'BOOT', 'ACRPRDCT', Rev: 1, Len: 40
4:734  0:000    8. 9AFE3000: 'LPIT', 'ACRPRDCT', Rev: 1, Len: 148
4:734  0:000    9. 9AFE1000: 'ASPT', 'ACRPRDCT', Rev: 7, Len: 52
4:734  0:000    10. 9AFE0000: 'DBGP', 'ACRPRDCT', Rev: 1, Len: 52
4:734  0:000    11. 9AFDF000: 'SSDT', 'ACRPRDCT', Rev: 1, Len: 1337
4:734  0:000    12. 9AFDE000: 'SSDT', 'ACRPRDCT', Rev: 1, Len: 2776
4:734  0:000    13. 9AFDB000: 'SSDT', 'ACRPRDCT', Rev: 1, Len: 12013
4:734  0:000    14. 9AFD6000: 'SSDT', 'ACRPRDCT', Rev: 1, Len: 11433
4:734  0:000    15. 9AFD9000: 'SSDT', 'ACRPRDCT', Rev: 1, Len: 2230
4:734  0:000    16. 9AFDA000: 'BGRT', 'ACRPRDCT', Rev: 1, Len: 56
18:072  13:338  Found UEFI Acpi 2.0 RSDP at 9AFFE014
18:072  0:000  Saving ACPI tables from RSDP 9AFFE014 to EFI\CLOVER\ACPI\origin ...
18:072  0:000   9AFFE014: 'RSD PTR ', Rev: 2 (Acpi 2.0 or newer), Len: 36
18:072  0:000    (Xsdt: 9AFFE210, Rsdt: 9AFFE124)
18:072  0:000    9AFFE210: 'XSDT', 'ACRPRDCT', Rev: 1, Len: 172 -> XSDT.aml - Not Found
18:072  0:000    9AFFE124: 'RSDT', 'ACRPRDCT', Rev: 1, Len: 104 -> RSDT.aml - Not Found
18:072  0:000   No Rsdt and Xsdt - exiting.
18:072  0:000  Found UEFI Acpi 1.0 RSDP at 9AFFE000
18:072  0:000  Printing ACPI tables from RSDP 9AFFE000 ...
18:072  0:000   9AFFE000: 'RSD PTR ', Rev: 0 (Acpi 1.0), Len: 20
18:072  0:000    (Rsdt: 9AFFE038)
18:072  0:000    9AFFE038: 'RSDT', 'ACRPRDCT', Rev: 1, Len: 104
18:072  0:000    Tables in Rsdt: 17
18:072  0:000    0. 9AFF8000: 'FACP', 'ACRPRDCT', Rev: 5, Len: 268
18:072  0:000        (Dsdt: 9AFE6000, Facs: 9AFBA000, XDsdt: 9AFE6000, XFacs: 0)
18:072  0:000        9AFE6000: 'DSDT', 'ACRPRDCT', Rev: 1, Len: 60408
18:075  0:002        9AFBA000: 'FACS', Ver: 2, Len: 64
18:075  0:000    1. 9AFFD000: 'UEFI', 'ACRPRDCT', Rev: 1, Len: 566
18:075  0:000    2. 9AFFB000: 'FPDT', 'ACRPRDCT', Rev: 1, Len: 68
18:075  0:000    3. 9AFF9000: 'ASF!', 'ACRPRDCT', Rev: 32, Len: 165
18:075  0:000    4. 9AFF7000: 'HPET', 'ACRPRDCT', Rev: 1, Len: 56
18:075  0:000    5. 9AFF6000: 'APIC', 'ACRPRDCT', Rev: 3, Len: 140
18:075  0:000    6. 9AFF5000: 'MCFG', 'ACRPRDCT', Rev: 1, Len: 60
18:075  0:000    7. 9AFE4000: 'BOOT', 'ACRPRDCT', Rev: 1, Len: 40
18:075  0:000    8. 9AFE3000: 'LPIT', 'ACRPRDCT', Rev: 1, Len: 148
18:075  0:000    9. 9AFE1000: 'ASPT', 'ACRPRDCT', Rev: 7, Len: 52
18:075  0:000    10. 9AFE0000: 'DBGP', 'ACRPRDCT', Rev: 1, Len: 52
18:075  0:000    11. 9AFDF000: 'SSDT', 'ACRPRDCT', Rev: 1, Len: 1337
18:075  0:000    12. 9AFDE000: 'SSDT', 'ACRPRDCT', Rev: 1, Len: 2776
18:075  0:000    13. 9AFDB000: 'SSDT', 'ACRPRDCT', Rev: 1, Len: 12013
18:075  0:000    14. 9AFD6000: 'SSDT', 'ACRPRDCT', Rev: 1, Len: 11433
18:075  0:000    15. 9AFD9000: 'SSDT', 'ACRPRDCT', Rev: 1, Len: 2230
18:075  0:000    16. 9AFDA000: 'BGRT', 'ACRPRDCT', Rev: 1, Len: 56
18:673  0:598  Found UEFI Acpi 2.0 RSDP at 9AFFE014
18:673  0:000  Saving ACPI tables from RSDP 9AFFE014 to EFI\CLOVER\ACPI\origin ...
18:673  0:000   9AFFE014: 'RSD PTR ', Rev: 2 (Acpi 2.0 or newer), Len: 36
18:673  0:000    (Xsdt: 9AFFE210, Rsdt: 9AFFE124)
18:673  0:000    9AFFE210: 'XSDT', 'ACRPRDCT', Rev: 1, Len: 172
18:673  0:000    9AFFE124: 'RSDT', 'ACRPRDCT', Rev: 1, Len: 104
18:673  0:000    Tables in Xsdt: 17
18:673  0:000    0. 9AFF8000: 'FACP', 'ACRPRDCT', Rev: 5, Len: 268 -> FACP.aml - Not Found
18:673  0:000  Found UEFI Acpi 1.0 RSDP at 9AFFE000
18:673  0:000  Printing ACPI tables from RSDP 9AFFE000 ...
18:673  0:000   9AFFE000: 'RSD PTR ', Rev: 0 (Acpi 1.0), Len: 20
18:673  0:000    (Rsdt: 9AFFE038)
18:673  0:000    9AFFE038: 'RSDT', 'ACRPRDCT', Rev: 1, Len: 104
18:673  0:000    Tables in Rsdt: 17
18:673  0:000    0. 9AFF8000: 'FACP', 'ACRPRDCT', Rev: 5, Len: 268
18:673  0:000        (Dsdt: 9AFE6000, Facs: 9AFBA000, XDsdt: 9AFE6000, XFacs: 0)
18:673  0:000        9AFE6000: 'DSDT', 'ACRPRDCT', Rev: 1, Len: 60408
18:675  0:002        9AFBA000: 'FACS', Ver: 2, Len: 64
18:675  0:000    1. 9AFFD000: 'UEFI', 'ACRPRDCT', Rev: 1, Len: 566
18:675  0:000    2. 9AFFB000: 'FPDT', 'ACRPRDCT', Rev: 1, Len: 68
18:675  0:000    3. 9AFF9000: 'ASF!', 'ACRPRDCT', Rev: 32, Len: 165
18:675  0:000    4. 9AFF7000: 'HPET', 'ACRPRDCT', Rev: 1, Len: 56
18:675  0:000    5. 9AFF6000: 'APIC', 'ACRPRDCT', Rev: 3, Len: 140
18:675  0:000    6. 9AFF5000: 'MCFG', 'ACRPRDCT', Rev: 1, Len: 60
18:675  0:000    7. 9AFE4000: 'BOOT', 'ACRPRDCT', Rev: 1, Len: 40
18:675  0:000    8. 9AFE3000: 'LPIT', 'ACRPRDCT', Rev: 1, Len: 148
18:675  0:000    9. 9AFE1000: 'ASPT', 'ACRPRDCT', Rev: 7, Len: 52
18:675  0:000    10. 9AFE0000: 'DBGP', 'ACRPRDCT', Rev: 1, Len: 52
18:675  0:000    11. 9AFDF000: 'SSDT', 'ACRPRDCT', Rev: 1, Len: 1337
18:675  0:000    12. 9AFDE000: 'SSDT', 'ACRPRDCT', Rev: 1, Len: 2776
18:675  0:000    13. 9AFDB000: 'SSDT', 'ACRPRDCT', Rev: 1, Len: 12013
18:676  0:000    14. 9AFD6000: 'SSDT', 'ACRPRDCT', Rev: 1, Len: 11433
18:676  0:000    15. 9AFD9000: 'SSDT', 'ACRPRDCT', Rev: 1, Len: 2230
18:676  0:000    16. 9AFDA000: 'BGRT', 'ACRPRDCT', Rev: 1, Len: 56
18:703  0:027  Found UEFI Acpi 2.0 RSDP at 9AFFE014
18:703  0:000  Saving ACPI tables from RSDP 9AFFE014 to EFI\CLOVER\ACPI\origin ...
18:703  0:000   9AFFE014: 'RSD PTR ', Rev: 2 (Acpi 2.0 or newer), Len: 36
18:703  0:000    (Xsdt: 9AFFE210, Rsdt: 9AFFE124)
18:703  0:000    9AFFE210: 'XSDT', 'ACRPRDCT', Rev: 1, Len: 172
18:703  0:000    9AFFE124: 'RSDT', 'ACRPRDCT', Rev: 1, Len: 104
18:703  0:000    Tables in Xsdt: 17
18:703  0:000    0. 9AFF8000: 'FACP', 'ACRPRDCT', Rev: 5, Len: 268
18:703  0:000        (Dsdt: 9AFE6000, Facs: 9AFBA000, XDsdt: 9AFE6000, XFacs: 0)
18:703  0:000        9AFE6000: 'DSDT', 'ACRPRDCT', Rev: 1, Len: 60408 -> DSDT.aml - Not Found
18:703  0:000  Found UEFI Acpi 1.0 RSDP at 9AFFE000
18:703  0:000  Printing ACPI tables from RSDP 9AFFE000 ...
18:703  0:000   9AFFE000: 'RSD PTR ', Rev: 0 (Acpi 1.0), Len: 20
18:703  0:000    (Rsdt: 9AFFE038)
18:703  0:000    9AFFE038: 'RSDT', 'ACRPRDCT', Rev: 1, Len: 104
18:703  0:000    Tables in Rsdt: 17
18:703  0:000    0. 9AFF8000: 'FACP', 'ACRPRDCT', Rev: 5, Len: 268
18:703  0:000        (Dsdt: 9AFE6000, Facs: 9AFBA000, XDsdt: 9AFE6000, XFacs: 0)
18:703  0:000        9AFE6000: 'DSDT', 'ACRPRDCT', Rev: 1, Len: 60408
18:706  0:002        9AFBA000: 'FACS', Ver: 2, Len: 64
18:706  0:000    1. 9AFFD000: 'UEFI', 'ACRPRDCT', Rev: 1, Len: 566
18:706  0:000    2. 9AFFB000: 'FPDT', 'ACRPRDCT', Rev: 1, Len: 68
18:706  0:000    3. 9AFF9000: 'ASF!', 'ACRPRDCT', Rev: 32, Len: 165
18:706  0:000    4. 9AFF7000: 'HPET', 'ACRPRDCT', Rev: 1, Len: 56
18:706  0:000    5. 9AFF6000: 'APIC', 'ACRPRDCT', Rev: 3, Len: 140
18:706  0:000    6. 9AFF5000: 'MCFG', 'ACRPRDCT', Rev: 1, Len: 60
18:706  0:000    7. 9AFE4000: 'BOOT', 'ACRPRDCT', Rev: 1, Len: 40
18:706  0:000    8. 9AFE3000: 'LPIT', 'ACRPRDCT', Rev: 1, Len: 148
18:706  0:000    9. 9AFE1000: 'ASPT', 'ACRPRDCT', Rev: 7, Len: 52
18:706  0:000    10. 9AFE0000: 'DBGP', 'ACRPRDCT', Rev: 1, Len: 52
18:706  0:000    11. 9AFDF000: 'SSDT', 'ACRPRDCT', Rev: 1, Len: 1337
18:706  0:000    12. 9AFDE000: 'SSDT', 'ACRPRDCT', Rev: 1, Len: 2776
18:706  0:000    13. 9AFDB000: 'SSDT', 'ACRPRDCT', Rev: 1, Len: 12013
18:706  0:000    14. 9AFD6000: 'SSDT', 'ACRPRDCT', Rev: 1, Len: 11433
18:706  0:000    15. 9AFD9000: 'SSDT', 'ACRPRDCT', Rev: 1, Len: 2230
18:706  0:000    16. 9AFDA000: 'BGRT', 'ACRPRDCT', Rev: 1, Len: 56
18:733  0:027  Found UEFI Acpi 2.0 RSDP at 9AFFE014
18:733  0:000  Saving ACPI tables from RSDP 9AFFE014 to EFI\CLOVER\ACPI\origin ...
18:733  0:000   9AFFE014: 'RSD PTR ', Rev: 2 (Acpi 2.0 or newer), Len: 36
18:733  0:000    (Xsdt: 9AFFE210, Rsdt: 9AFFE124)
18:733  0:000    9AFFE210: 'XSDT', 'ACRPRDCT', Rev: 1, Len: 172
18:733  0:000    9AFFE124: 'RSDT', 'ACRPRDCT', Rev: 1, Len: 104
18:733  0:000    Tables in Xsdt: 17
18:733  0:000    0. 9AFF8000: 'FACP', 'ACRPRDCT', Rev: 5, Len: 268
18:733  0:000        (Dsdt: 9AFE6000, Facs: 9AFBA000, XDsdt: 9AFE6000, XFacs: 0)
18:733  0:000        9AFE6000: 'DSDT', 'ACRPRDCT', Rev: 1, Len: 60408
18:736  0:002        9AFBA000: 'FACS', Ver: 2, Len: 64 -> FACS.aml - Not Found
18:736  0:000  Found UEFI Acpi 1.0 RSDP at 9AFFE000
18:736  0:000  Printing ACPI tables from RSDP 9AFFE000 ...
18:736  0:000   9AFFE000: 'RSD PTR ', Rev: 0 (Acpi 1.0), Len: 20
18:736  0:000    (Rsdt: 9AFFE038)
18:736  0:000    9AFFE038: 'RSDT', 'ACRPRDCT', Rev: 1, Len: 104
18:736  0:000    Tables in Rsdt: 17
18:736  0:000    0. 9AFF8000: 'FACP', 'ACRPRDCT', Rev: 5, Len: 268
18:736  0:000        (Dsdt: 9AFE6000, Facs: 9AFBA000, XDsdt: 9AFE6000, XFacs: 0)
18:736  0:000        9AFE6000: 'DSDT', 'ACRPRDCT', Rev: 1, Len: 60408
18:738  0:002        9AFBA000: 'FACS', Ver: 2, Len: 64
18:738  0:000    1. 9AFFD000: 'UEFI', 'ACRPRDCT', Rev: 1, Len: 566
18:738  0:000    2. 9AFFB000: 'FPDT', 'ACRPRDCT', Rev: 1, Len: 68
18:738  0:000    3. 9AFF9000: 'ASF!', 'ACRPRDCT', Rev: 32, Len: 165
18:738  0:000    4. 9AFF7000: 'HPET', 'ACRPRDCT', Rev: 1, Len: 56
18:738  0:000    5. 9AFF6000: 'APIC', 'ACRPRDCT', Rev: 3, Len: 140
18:738  0:000    6. 9AFF5000: 'MCFG', 'ACRPRDCT', Rev: 1, Len: 60
18:738  0:000    7. 9AFE4000: 'BOOT', 'ACRPRDCT', Rev: 1, Len: 40
18:738  0:000    8. 9AFE3000: 'LPIT', 'ACRPRDCT', Rev: 1, Len: 148
18:738  0:000    9. 9AFE1000: 'ASPT', 'ACRPRDCT', Rev: 7, Len: 52
18:738  0:000    10. 9AFE0000: 'DBGP', 'ACRPRDCT', Rev: 1, Len: 52
18:738  0:000    11. 9AFDF000: 'SSDT', 'ACRPRDCT', Rev: 1, Len: 1337
18:738  0:000    12. 9AFDE000: 'SSDT', 'ACRPRDCT', Rev: 1, Len: 2776
18:738  0:000    13. 9AFDB000: 'SSDT', 'ACRPRDCT', Rev: 1, Len: 12013
18:738  0:000    14. 9AFD6000: 'SSDT', 'ACRPRDCT', Rev: 1, Len: 11433
18:738  0:000    15. 9AFD9000: 'SSDT', 'ACRPRDCT', Rev: 1, Len: 2230
18:738  0:000    16. 9AFDA000: 'BGRT', 'ACRPRDCT', Rev: 1, Len: 56
18:764  0:025  Found UEFI Acpi 2.0 RSDP at 9AFFE014
18:764  0:000  Saving ACPI tables from RSDP 9AFFE014 to EFI\CLOVER\ACPI\origin ...
18:764  0:000   9AFFE014: 'RSD PTR ', Rev: 2 (Acpi 2.0 or newer), Len: 36
18:764  0:000    (Xsdt: 9AFFE210, Rsdt: 9AFFE124)
18:764  0:000    9AFFE210: 'XSDT', 'ACRPRDCT', Rev: 1, Len: 172
18:764  0:000    9AFFE124: 'RSDT', 'ACRPRDCT', Rev: 1, Len: 104
18:764  0:000    Tables in Xsdt: 17
18:764  0:000    0. 9AFF8000: 'FACP', 'ACRPRDCT', Rev: 5, Len: 268
18:764  0:000        (Dsdt: 9AFE6000, Facs: 9AFBA000, XDsdt: 9AFE6000, XFacs: 0)
18:764  0:000        9AFE6000: 'DSDT', 'ACRPRDCT', Rev: 1, Len: 60408
18:766  0:002        9AFBA000: 'FACS', Ver: 2, Len: 64
18:766  0:000    1. 9AFFD000: 'UEFI', 'ACRPRDCT', Rev: 1, Len: 566 -> UEFI.aml - Not Found
18:766  0:000  Found UEFI Acpi 1.0 RSDP at 9AFFE000
18:766  0:000  Printing ACPI tables from RSDP 9AFFE000 ...
18:766  0:000   9AFFE000: 'RSD PTR ', Rev: 0 (Acpi 1.0), Len: 20
18:766  0:000    (Rsdt: 9AFFE038)
18:766  0:000    9AFFE038: 'RSDT', 'ACRPRDCT', Rev: 1, Len: 104
18:766  0:000    Tables in Rsdt: 17
18:766  0:000    0. 9AFF8000: 'FACP', 'ACRPRDCT', Rev: 5, Len: 268
18:766  0:000        (Dsdt: 9AFE6000, Facs: 9AFBA000, XDsdt: 9AFE6000, XFacs: 0)
18:766  0:000        9AFE6000: 'DSDT', 'ACRPRDCT', Rev: 1, Len: 60408
18:768  0:002        9AFBA000: 'FACS', Ver: 2, Len: 64
18:768  0:000    1. 9AFFD000: 'UEFI', 'ACRPRDCT', Rev: 1, Len: 566
18:768  0:000    2. 9AFFB000: 'FPDT', 'ACRPRDCT', Rev: 1, Len: 68
18:768  0:000    3. 9AFF9000: 'ASF!', 'ACRPRDCT', Rev: 32, Len: 165
18:768  0:000    4. 9AFF7000: 'HPET', 'ACRPRDCT', Rev: 1, Len: 56
18:768  0:000    5. 9AFF6000: 'APIC', 'ACRPRDCT', Rev: 3, Len: 140
18:768  0:000    6. 9AFF5000: 'MCFG', 'ACRPRDCT', Rev: 1, Len: 60
18:768  0:000    7. 9AFE4000: 'BOOT', 'ACRPRDCT', Rev: 1, Len: 40
18:768  0:000    8. 9AFE3000: 'LPIT', 'ACRPRDCT', Rev: 1, Len: 148
18:768  0:000    9. 9AFE1000: 'ASPT', 'ACRPRDCT', Rev: 7, Len: 52
18:768  0:000    10. 9AFE0000: 'DBGP', 'ACRPRDCT', Rev: 1, Len: 52
18:768  0:000    11. 9AFDF000: 'SSDT', 'ACRPRDCT', Rev: 1, Len: 1337
18:768  0:000    12. 9AFDE000: 'SSDT', 'ACRPRDCT', Rev: 1, Len: 2776
18:768  0:000    13. 9AFDB000: 'SSDT', 'ACRPRDCT', Rev: 1, Len: 12013
18:768  0:000    14. 9AFD6000: 'SSDT', 'ACRPRDCT', Rev: 1, Len: 11433
18:768  0:000    15. 9AFD9000: 'SSDT', 'ACRPRDCT', Rev: 1, Len: 2230
18:768  0:000    16. 9AFDA000: 'BGRT', 'ACRPRDCT', Rev: 1, Len: 56
18:794  0:025  Found UEFI Acpi 2.0 RSDP at 9AFFE014
18:794  0:000  Saving ACPI tables from RSDP 9AFFE014 to EFI\CLOVER\ACPI\origin ...
18:794  0:000   9AFFE014: 'RSD PTR ', Rev: 2 (Acpi 2.0 or newer), Len: 36
18:794  0:000    (Xsdt: 9AFFE210, Rsdt: 9AFFE124)
18:794  0:000    9AFFE210: 'XSDT', 'ACRPRDCT', Rev: 1, Len: 172
18:794  0:000    9AFFE124: 'RSDT', 'ACRPRDCT', Rev: 1, Len: 104
18:794  0:000    Tables in Xsdt: 17
18:794  0:000    0. 9AFF8000: 'FACP', 'ACRPRDCT', Rev: 5, Len: 268
18:794  0:000        (Dsdt: 9AFE6000, Facs: 9AFBA000, XDsdt: 9AFE6000, XFacs: 0)
18:794  0:000        9AFE6000: 'DSDT', 'ACRPRDCT', Rev: 1, Len: 60408
18:796  0:002        9AFBA000: 'FACS', Ver: 2, Len: 64
18:796  0:000    1. 9AFFD000: 'UEFI', 'ACRPRDCT', Rev: 1, Len: 566
18:796  0:000    2. 9AFFB000: 'FPDT', 'ACRPRDCT', Rev: 1, Len: 68 -> FPDT.aml - Not Found
18:796  0:000  Found UEFI Acpi 1.0 RSDP at 9AFFE000
18:796  0:000  Printing ACPI tables from RSDP 9AFFE000 ...
18:796  0:000   9AFFE000: 'RSD PTR ', Rev: 0 (Acpi 1.0), Len: 20
18:796  0:000    (Rsdt: 9AFFE038)
18:796  0:000    9AFFE038: 'RSDT', 'ACRPRDCT', Rev: 1, Len: 104
18:796  0:000    Tables in Rsdt: 17
18:796  0:000    0. 9AFF8000: 'FACP', 'ACRPRDCT', Rev: 5, Len: 268
18:796  0:000        (Dsdt: 9AFE6000, Facs: 9AFBA000, XDsdt: 9AFE6000, XFacs: 0)
18:796  0:000        9AFE6000: 'DSDT', 'ACRPRDCT', Rev: 1, Len: 60408
18:798  0:002        9AFBA000: 'FACS', Ver: 2, Len: 64
18:798  0:000    1. 9AFFD000: 'UEFI', 'ACRPRDCT', Rev: 1, Len: 566
18:798  0:000    2. 9AFFB000: 'FPDT', 'ACRPRDCT', Rev: 1, Len: 68
18:798  0:000    3. 9AFF9000: 'ASF!', 'ACRPRDCT', Rev: 32, Len: 165
18:798  0:000    4. 9AFF7000: 'HPET', 'ACRPRDCT', Rev: 1, Len: 56
18:798  0:000    5. 9AFF6000: 'APIC', 'ACRPRDCT', Rev: 3, Len: 140
18:798  0:000    6. 9AFF5000: 'MCFG', 'ACRPRDCT', Rev: 1, Len: 60
18:798  0:000    7. 9AFE4000: 'BOOT', 'ACRPRDCT', Rev: 1, Len: 40
18:798  0:000    8. 9AFE3000: 'LPIT', 'ACRPRDCT', Rev: 1, Len: 148
18:798  0:000    9. 9AFE1000: 'ASPT', 'ACRPRDCT', Rev: 7, Len: 52
18:798  0:000    10. 9AFE0000: 'DBGP', 'ACRPRDCT', Rev: 1, Len: 52
18:798  0:000    11. 9AFDF000: 'SSDT', 'ACRPRDCT', Rev: 1, Len: 1337
18:798  0:000    12. 9AFDE000: 'SSDT', 'ACRPRDCT', Rev: 1, Len: 2776
18:798  0:000    13. 9AFDB000: 'SSDT', 'ACRPRDCT', Rev: 1, Len: 12013
18:798  0:000    14. 9AFD6000: 'SSDT', 'ACRPRDCT', Rev: 1, Len: 11433
18:798  0:000    15. 9AFD9000: 'SSDT', 'ACRPRDCT', Rev: 1, Len: 2230
18:798  0:000    16. 9AFDA000: 'BGRT', 'ACRPRDCT', Rev: 1, Len: 56
18:824  0:025  Found UEFI Acpi 2.0 RSDP at 9AFFE014
18:824  0:000  Saving ACPI tables from RSDP 9AFFE014 to EFI\CLOVER\ACPI\origin ...
18:824  0:000   9AFFE014: 'RSD PTR ', Rev: 2 (Acpi 2.0 or newer), Len: 36
18:824  0:000    (Xsdt: 9AFFE210, Rsdt: 9AFFE124)
18:824  0:000    9AFFE210: 'XSDT', 'ACRPRDCT', Rev: 1, Len: 172
18:824  0:000    9AFFE124: 'RSDT', 'ACRPRDCT', Rev: 1, Len: 104
18:824  0:000    Tables in Xsdt: 17
18:824  0:000    0. 9AFF8000: 'FACP', 'ACRPRDCT', Rev: 5, Len: 268
18:824  0:000        (Dsdt: 9AFE6000, Facs: 9AFBA000, XDsdt: 9AFE6000, XFacs: 0)
18:824  0:000        9AFE6000: 'DSDT', 'ACRPRDCT', Rev: 1, Len: 60408
18:826  0:002        9AFBA000: 'FACS', Ver: 2, Len: 64
18:826  0:000    1. 9AFFD000: 'UEFI', 'ACRPRDCT', Rev: 1, Len: 566
18:826  0:000    2. 9AFFB000: 'FPDT', 'ACRPRDCT', Rev: 1, Len: 68
18:826  0:000    3. 9AFF9000: 'ASF!', 'ACRPRDCT', Rev: 32, Len: 165 -> ASF!.aml - Not Found
18:826  0:000  Found UEFI Acpi 1.0 RSDP at 9AFFE000
18:826  0:000  Printing ACPI tables from RSDP 9AFFE000 ...
18:826  0:000   9AFFE000: 'RSD PTR ', Rev: 0 (Acpi 1.0), Len: 20
18:826  0:000    (Rsdt: 9AFFE038)
18:826  0:000    9AFFE038: 'RSDT', 'ACRPRDCT', Rev: 1, Len: 104
18:826  0:000    Tables in Rsdt: 17
18:826  0:000    0. 9AFF8000: 'FACP', 'ACRPRDCT', Rev: 5, Len: 268
18:826  0:000        (Dsdt: 9AFE6000, Facs: 9AFBA000, XDsdt: 9AFE6000, XFacs: 0)
18:826  0:000        9AFE6000: 'DSDT', 'ACRPRDCT', Rev: 1, Len: 60408
18:828  0:002        9AFBA000: 'FACS', Ver: 2, Len: 64
18:828  0:000    1. 9AFFD000: 'UEFI', 'ACRPRDCT', Rev: 1, Len: 566
18:828  0:000    2. 9AFFB000: 'FPDT', 'ACRPRDCT', Rev: 1, Len: 68
18:828  0:000    3. 9AFF9000: 'ASF!', 'ACRPRDCT', Rev: 32, Len: 165
18:828  0:000    4. 9AFF7000: 'HPET', 'ACRPRDCT', Rev: 1, Len: 56
18:828  0:000    5. 9AFF6000: 'APIC', 'ACRPRDCT', Rev: 3, Len: 140
18:828  0:000    6. 9AFF5000: 'MCFG', 'ACRPRDCT', Rev: 1, Len: 60
18:828  0:000    7. 9AFE4000: 'BOOT', 'ACRPRDCT', Rev: 1, Len: 40
18:828  0:000    8. 9AFE3000: 'LPIT', 'ACRPRDCT', Rev: 1, Len: 148
18:828  0:000    9. 9AFE1000: 'ASPT', 'ACRPRDCT', Rev: 7, Len: 52
18:828  0:000    10. 9AFE0000: 'DBGP', 'ACRPRDCT', Rev: 1, Len: 52
18:828  0:000    11. 9AFDF000: 'SSDT', 'ACRPRDCT', Rev: 1, Len: 1337
18:828  0:000    12. 9AFDE000: 'SSDT', 'ACRPRDCT', Rev: 1, Len: 2776
18:828  0:000    13. 9AFDB000: 'SSDT', 'ACRPRDCT', Rev: 1, Len: 12013
18:828  0:000    14. 9AFD6000: 'SSDT', 'ACRPRDCT', Rev: 1, Len: 11433
18:828  0:000    15. 9AFD9000: 'SSDT', 'ACRPRDCT', Rev: 1, Len: 2230
18:828  0:000    16. 9AFDA000: 'BGRT', 'ACRPRDCT', Rev: 1, Len: 56
18:854  0:025  Found UEFI Acpi 2.0 RSDP at 9AFFE014
18:854  0:000  Saving ACPI tables from RSDP 9AFFE014 to EFI\CLOVER\ACPI\origin ...
18:854  0:000   9AFFE014: 'RSD PTR ', Rev: 2 (Acpi 2.0 or newer), Len: 36
18:854  0:000    (Xsdt: 9AFFE210, Rsdt: 9AFFE124)
18:854  0:000    9AFFE210: 'XSDT', 'ACRPRDCT', Rev: 1, Len: 172
18:854  0:000    9AFFE124: 'RSDT', 'ACRPRDCT', Rev: 1, Len: 104
18:854  0:000    Tables in Xsdt: 17
18:854  0:000    0. 9AFF8000: 'FACP', 'ACRPRDCT', Rev: 5, Len: 268
18:854  0:000        (Dsdt: 9AFE6000, Facs: 9AFBA000, XDsdt: 9AFE6000, XFacs: 0)
18:854  0:000        9AFE6000: 'DSDT', 'ACRPRDCT', Rev: 1, Len: 60408
18:856  0:002        9AFBA000: 'FACS', Ver: 2, Len: 64
18:856  0:000    1. 9AFFD000: 'UEFI', 'ACRPRDCT', Rev: 1, Len: 566
18:856  0:000    2. 9AFFB000: 'FPDT', 'ACRPRDCT', Rev: 1, Len: 68
18:856  0:000    3. 9AFF9000: 'ASF!', 'ACRPRDCT', Rev: 32, Len: 165
18:856  0:000    4. 9AFF7000: 'HPET', 'ACRPRDCT', Rev: 1, Len: 56 -> HPET.aml - Not Found
18:856  0:000  Found UEFI Acpi 1.0 RSDP at 9AFFE000
18:856  0:000  Printing ACPI tables from RSDP 9AFFE000 ...
18:856  0:000   9AFFE000: 'RSD PTR ', Rev: 0 (Acpi 1.0), Len: 20
18:856  0:000    (Rsdt: 9AFFE038)
18:856  0:000    9AFFE038: 'RSDT', 'ACRPRDCT', Rev: 1, Len: 104
18:856  0:000    Tables in Rsdt: 17
18:856  0:000    0. 9AFF8000: 'FACP', 'ACRPRDCT', Rev: 5, Len: 268
18:856  0:000        (Dsdt: 9AFE6000, Facs: 9AFBA000, XDsdt: 9AFE6000, XFacs: 0)
18:856  0:000        9AFE6000: 'DSDT', 'ACRPRDCT', Rev: 1, Len: 60408
18:858  0:002        9AFBA000: 'FACS', Ver: 2, Len: 64
18:858  0:000    1. 9AFFD000: 'UEFI', 'ACRPRDCT', Rev: 1, Len: 566
18:858  0:000    2. 9AFFB000: 'FPDT', 'ACRPRDCT', Rev: 1, Len: 68
18:858  0:000    3. 9AFF9000: 'ASF!', 'ACRPRDCT', Rev: 32, Len: 165
18:858  0:000    4. 9AFF7000: 'HPET', 'ACRPRDCT', Rev: 1, Len: 56
18:858  0:000    5. 9AFF6000: 'APIC', 'ACRPRDCT', Rev: 3, Len: 140
18:858  0:000    6. 9AFF5000: 'MCFG', 'ACRPRDCT', Rev: 1, Len: 60
18:858  0:000    7. 9AFE4000: 'BOOT', 'ACRPRDCT', Rev: 1, Len: 40
18:858  0:000    8. 9AFE3000: 'LPIT', 'ACRPRDCT', Rev: 1, Len: 148
18:858  0:000    9. 9AFE1000: 'ASPT', 'ACRPRDCT', Rev: 7, Len: 52
18:858  0:000    10. 9AFE0000: 'DBGP', 'ACRPRDCT', Rev: 1, Len: 52
18:858  0:000    11. 9AFDF000: 'SSDT', 'ACRPRDCT', Rev: 1, Len: 1337
18:858  0:000    12. 9AFDE000: 'SSDT', 'ACRPRDCT', Rev: 1, Len: 2776
18:858  0:000    13. 9AFDB000: 'SSDT', 'ACRPRDCT', Rev: 1, Len: 12013
18:858  0:000    14. 9AFD6000: 'SSDT', 'ACRPRDCT', Rev: 1, Len: 11433
18:858  0:000    15. 9AFD9000: 'SSDT', 'ACRPRDCT', Rev: 1, Len: 2230
18:858  0:000    16. 9AFDA000: 'BGRT', 'ACRPRDCT', Rev: 1, Len: 56
18:884  0:025  Found UEFI Acpi 2.0 RSDP at 9AFFE014
18:884  0:000  Saving ACPI tables from RSDP 9AFFE014 to EFI\CLOVER\ACPI\origin ...
18:884  0:000   9AFFE014: 'RSD PTR ', Rev: 2 (Acpi 2.0 or newer), Len: 36
18:884  0:000    (Xsdt: 9AFFE210, Rsdt: 9AFFE124)
18:884  0:000    9AFFE210: 'XSDT', 'ACRPRDCT', Rev: 1, Len: 172
18:884  0:000    9AFFE124: 'RSDT', 'ACRPRDCT', Rev: 1, Len: 104
18:884  0:000    Tables in Xsdt: 17
18:884  0:000    0. 9AFF8000: 'FACP', 'ACRPRDCT', Rev: 5, Len: 268
18:884  0:000        (Dsdt: 9AFE6000, Facs: 9AFBA000, XDsdt: 9AFE6000, XFacs: 0)
18:884  0:000        9AFE6000: 'DSDT', 'ACRPRDCT', Rev: 1, Len: 60408
18:886  0:002        9AFBA000: 'FACS', Ver: 2, Len: 64
18:886  0:000    1. 9AFFD000: 'UEFI', 'ACRPRDCT', Rev: 1, Len: 566
18:886  0:000    2. 9AFFB000: 'FPDT', 'ACRPRDCT', Rev: 1, Len: 68
18:886  0:000    3. 9AFF9000: 'ASF!', 'ACRPRDCT', Rev: 32, Len: 165
18:886  0:000    4. 9AFF7000: 'HPET', 'ACRPRDCT', Rev: 1, Len: 56
18:886  0:000    5. 9AFF6000: 'APIC', 'ACRPRDCT', Rev: 3, Len: 140 -> APIC.aml - Not Found
18:886  0:000  Found UEFI Acpi 1.0 RSDP at 9AFFE000
18:886  0:000  Printing ACPI tables from RSDP 9AFFE000 ...
18:886  0:000   9AFFE000: 'RSD PTR ', Rev: 0 (Acpi 1.0), Len: 20
18:886  0:000    (Rsdt: 9AFFE038)
18:886  0:000    9AFFE038: 'RSDT', 'ACRPRDCT', Rev: 1, Len: 104
18:886  0:000    Tables in Rsdt: 17
18:886  0:000    0. 9AFF8000: 'FACP', 'ACRPRDCT', Rev: 5, Len: 268
18:886  0:000        (Dsdt: 9AFE6000, Facs: 9AFBA000, XDsdt: 9AFE6000, XFacs: 0)
18:886  0:000        9AFE6000: 'DSDT', 'ACRPRDCT', Rev: 1, Len: 60408
18:888  0:002        9AFBA000: 'FACS', Ver: 2, Len: 64
18:888  0:000    1. 9AFFD000: 'UEFI', 'ACRPRDCT', Rev: 1, Len: 566
18:888  0:000    2. 9AFFB000: 'FPDT', 'ACRPRDCT', Rev: 1, Len: 68
18:888  0:000    3. 9AFF9000: 'ASF!', 'ACRPRDCT', Rev: 32, Len: 165
18:888  0:000    4. 9AFF7000: 'HPET', 'ACRPRDCT', Rev: 1, Len: 56
18:888  0:000    5. 9AFF6000: 'APIC', 'ACRPRDCT', Rev: 3, Len: 140
18:888  0:000    6. 9AFF5000: 'MCFG', 'ACRPRDCT', Rev: 1, Len: 60
18:888  0:000    7. 9AFE4000: 'BOOT', 'ACRPRDCT', Rev: 1, Len: 40
18:888  0:000    8. 9AFE3000: 'LPIT', 'ACRPRDCT', Rev: 1, Len: 148
18:888  0:000    9. 9AFE1000: 'ASPT', 'ACRPRDCT', Rev: 7, Len: 52
18:888  0:000    10. 9AFE0000: 'DBGP', 'ACRPRDCT', Rev: 1, Len: 52
18:888  0:000    11. 9AFDF000: 'SSDT', 'ACRPRDCT', Rev: 1, Len: 1337
18:888  0:000    12. 9AFDE000: 'SSDT', 'ACRPRDCT', Rev: 1, Len: 2776
18:888  0:000    13. 9AFDB000: 'SSDT', 'ACRPRDCT', Rev: 1, Len: 12013
18:888  0:000    14. 9AFD6000: 'SSDT', 'ACRPRDCT', Rev: 1, Len: 11433
18:888  0:000    15. 9AFD9000: 'SSDT', 'ACRPRDCT', Rev: 1, Len: 2230
18:888  0:000    16. 9AFDA000: 'BGRT', 'ACRPRDCT', Rev: 1, Len: 56
18:914  0:025  Found UEFI Acpi 2.0 RSDP at 9AFFE014
18:914  0:000  Saving ACPI tables from RSDP 9AFFE014 to EFI\CLOVER\ACPI\origin ...
18:914  0:000   9AFFE014: 'RSD PTR ', Rev: 2 (Acpi 2.0 or newer), Len: 36
18:914  0:000    (Xsdt: 9AFFE210, Rsdt: 9AFFE124)
18:914  0:000    9AFFE210: 'XSDT', 'ACRPRDCT', Rev: 1, Len: 172
18:914  0:000    9AFFE124: 'RSDT', 'ACRPRDCT', Rev: 1, Len: 104
18:914  0:000    Tables in Xsdt: 17
18:914  0:000    0. 9AFF8000: 'FACP', 'ACRPRDCT', Rev: 5, Len: 268
18:914  0:000        (Dsdt: 9AFE6000, Facs: 9AFBA000, XDsdt: 9AFE6000, XFacs: 0)
18:914  0:000        9AFE6000: 'DSDT', 'ACRPRDCT', Rev: 1, Len: 60408
18:916  0:002        9AFBA000: 'FACS', Ver: 2, Len: 64
18:916  0:000    1. 9AFFD000: 'UEFI', 'ACRPRDCT', Rev: 1, Len: 566
18:916  0:000    2. 9AFFB000: 'FPDT', 'ACRPRDCT', Rev: 1, Len: 68
18:916  0:000    3. 9AFF9000: 'ASF!', 'ACRPRDCT', Rev: 32, Len: 165
18:916  0:000    4. 9AFF7000: 'HPET', 'ACRPRDCT', Rev: 1, Len: 56
18:916  0:000    5. 9AFF6000: 'APIC', 'ACRPRDCT', Rev: 3, Len: 140
18:916  0:000    6. 9AFF5000: 'MCFG', 'ACRPRDCT', Rev: 1, Len: 60 -> MCFG.aml - Not Found
18:916  0:000  Found UEFI Acpi 1.0 RSDP at 9AFFE000
18:916  0:000  Printing ACPI tables from RSDP 9AFFE000 ...
18:916  0:000   9AFFE000: 'RSD PTR ', Rev: 0 (Acpi 1.0), Len: 20
18:916  0:000    (Rsdt: 9AFFE038)
18:916  0:000    9AFFE038: 'RSDT', 'ACRPRDCT', Rev: 1, Len: 104
18:916  0:000    Tables in Rsdt: 17
18:916  0:000    0. 9AFF8000: 'FACP', 'ACRPRDCT', Rev: 5, Len: 268
18:916  0:000        (Dsdt: 9AFE6000, Facs: 9AFBA000, XDsdt: 9AFE6000, XFacs: 0)
18:916  0:000        9AFE6000: 'DSDT', 'ACRPRDCT', Rev: 1, Len: 60408
18:918  0:002        9AFBA000: 'FACS', Ver: 2, Len: 64
18:918  0:000    1. 9AFFD000: 'UEFI', 'ACRPRDCT', Rev: 1, Len: 566
18:918  0:000    2. 9AFFB000: 'FPDT', 'ACRPRDCT', Rev: 1, Len: 68
18:918  0:000    3. 9AFF9000: 'ASF!', 'ACRPRDCT', Rev: 32, Len: 165
18:918  0:000    4. 9AFF7000: 'HPET', 'ACRPRDCT', Rev: 1, Len: 56
18:918  0:000    5. 9AFF6000: 'APIC', 'ACRPRDCT', Rev: 3, Len: 140
18:918  0:000    6. 9AFF5000: 'MCFG', 'ACRPRDCT', Rev: 1, Len: 60
18:918  0:000    7. 9AFE4000: 'BOOT', 'ACRPRDCT', Rev: 1, Len: 40
18:918  0:000    8. 9AFE3000: 'LPIT', 'ACRPRDCT', Rev: 1, Len: 148
18:918  0:000    9. 9AFE1000: 'ASPT', 'ACRPRDCT', Rev: 7, Len: 52
18:918  0:000    10. 9AFE0000: 'DBGP', 'ACRPRDCT', Rev: 1, Len: 52
18:918  0:000    11. 9AFDF000: 'SSDT', 'ACRPRDCT', Rev: 1, Len: 1337
18:918  0:000    12. 9AFDE000: 'SSDT', 'ACRPRDCT', Rev: 1, Len: 2776
18:918  0:000    13. 9AFDB000: 'SSDT', 'ACRPRDCT', Rev: 1, Len: 12013
18:918  0:000    14. 9AFD6000: 'SSDT', 'ACRPRDCT', Rev: 1, Len: 11433
18:918  0:000    15. 9AFD9000: 'SSDT', 'ACRPRDCT', Rev: 1, Len: 2230
18:918  0:000    16. 9AFDA000: 'BGRT', 'ACRPRDCT', Rev: 1, Len: 56
18:945  0:027  Found UEFI Acpi 2.0 RSDP at 9AFFE014
18:945  0:000  Saving ACPI tables from RSDP 9AFFE014 to EFI\CLOVER\ACPI\origin ...
18:945  0:000   9AFFE014: 'RSD PTR ', Rev: 2 (Acpi 2.0 or newer), Len: 36
18:945  0:000    (Xsdt: 9AFFE210, Rsdt: 9AFFE124)
18:945  0:000    9AFFE210: 'XSDT', 'ACRPRDCT', Rev: 1, Len: 172
18:945  0:000    9AFFE124: 'RSDT', 'ACRPRDCT', Rev: 1, Len: 104
18:945  0:000    Tables in Xsdt: 17
18:945  0:000    0. 9AFF8000: 'FACP', 'ACRPRDCT', Rev: 5, Len: 268
18:945  0:000        (Dsdt: 9AFE6000, Facs: 9AFBA000, XDsdt: 9AFE6000, XFacs: 0)
18:945  0:000        9AFE6000: 'DSDT', 'ACRPRDCT', Rev: 1, Len: 60408
18:947  0:002        9AFBA000: 'FACS', Ver: 2, Len: 64
18:947  0:000    1. 9AFFD000: 'UEFI', 'ACRPRDCT', Rev: 1, Len: 566
18:947  0:000    2. 9AFFB000: 'FPDT', 'ACRPRDCT', Rev: 1, Len: 68
18:947  0:000    3. 9AFF9000: 'ASF!', 'ACRPRDCT', Rev: 32, Len: 165
18:947  0:000    4. 9AFF7000: 'HPET', 'ACRPRDCT', Rev: 1, Len: 56
18:947  0:000    5. 9AFF6000: 'APIC', 'ACRPRDCT', Rev: 3, Len: 140
18:947  0:000    6. 9AFF5000: 'MCFG', 'ACRPRDCT', Rev: 1, Len: 60
18:947  0:000    7. 9AFE4000: 'BOOT', 'ACRPRDCT', Rev: 1, Len: 40 -> BOOT.aml - Not Found
18:947  0:000  Found UEFI Acpi 1.0 RSDP at 9AFFE000
18:947  0:000  Printing ACPI tables from RSDP 9AFFE000 ...
18:947  0:000   9AFFE000: 'RSD PTR ', Rev: 0 (Acpi 1.0), Len: 20
18:947  0:000    (Rsdt: 9AFFE038)
18:947  0:000    9AFFE038: 'RSDT', 'ACRPRDCT', Rev: 1, Len: 104
18:947  0:000    Tables in Rsdt: 17
18:947  0:000    0. 9AFF8000: 'FACP', 'ACRPRDCT', Rev: 5, Len: 268
18:947  0:000        (Dsdt: 9AFE6000, Facs: 9AFBA000, XDsdt: 9AFE6000, XFacs: 0)
18:947  0:000        9AFE6000: 'DSDT', 'ACRPRDCT', Rev: 1, Len: 60408
18:949  0:002        9AFBA000: 'FACS', Ver: 2, Len: 64
18:949  0:000    1. 9AFFD000: 'UEFI', 'ACRPRDCT', Rev: 1, Len: 566
18:949  0:000    2. 9AFFB000: 'FPDT', 'ACRPRDCT', Rev: 1, Len: 68
18:949  0:000    3. 9AFF9000: 'ASF!', 'ACRPRDCT', Rev: 32, Len: 165
18:949  0:000    4. 9AFF7000: 'HPET', 'ACRPRDCT', Rev: 1, Len: 56
18:949  0:000    5. 9AFF6000: 'APIC', 'ACRPRDCT', Rev: 3, Len: 140
18:949  0:000    6. 9AFF5000: 'MCFG', 'ACRPRDCT', Rev: 1, Len: 60
18:949  0:000    7. 9AFE4000: 'BOOT', 'ACRPRDCT', Rev: 1, Len: 40
18:949  0:000    8. 9AFE3000: 'LPIT', 'ACRPRDCT', Rev: 1, Len: 148
18:949  0:000    9. 9AFE1000: 'ASPT', 'ACRPRDCT', Rev: 7, Len: 52
18:949  0:000    10. 9AFE0000: 'DBGP', 'ACRPRDCT', Rev: 1, Len: 52
18:949  0:000    11. 9AFDF000: 'SSDT', 'ACRPRDCT', Rev: 1, Len: 1337
18:949  0:000    12. 9AFDE000: 'SSDT', 'ACRPRDCT', Rev: 1, Len: 2776
18:949  0:000    13. 9AFDB000: 'SSDT', 'ACRPRDCT', Rev: 1, Len: 12013
18:949  0:000    14. 9AFD6000: 'SSDT', 'ACRPRDCT', Rev: 1, Len: 11433
18:949  0:000    15. 9AFD9000: 'SSDT', 'ACRPRDCT', Rev: 1, Len: 2230
18:949  0:000    16. 9AFDA000: 'BGRT', 'ACRPRDCT', Rev: 1, Len: 56
27:928  8:978  Found UEFI Acpi 2.0 RSDP at 9AFFE014
27:928  0:000  Saving ACPI tables from RSDP 9AFFE014 to EFI\CLOVER\ACPI\origin ...
27:928  0:000   9AFFE014: 'RSD PTR ', Rev: 2 (Acpi 2.0 or newer), Len: 36 -> RSDP.aml - Not Found
27:928  0:000  Found UEFI Acpi 1.0 RSDP at 9AFFE000
27:928  0:000  Printing ACPI tables from RSDP 9AFFE000 ...
27:928  0:000   9AFFE000: 'RSD PTR ', Rev: 0 (Acpi 1.0), Len: 20
27:928  0:000    (Rsdt: 9AFFE038)
27:928  0:000    9AFFE038: 'RSDT', 'ACRPRDCT', Rev: 1, Len: 104
27:928  0:000    Tables in Rsdt: 17
27:928  0:000    0. 9AFF8000: 'FACP', 'ACRPRDCT', Rev: 5, Len: 268
27:928  0:000        (Dsdt: 9AFE6000, Facs: 9AFBA000, XDsdt: 9AFE6000, XFacs: 0)
27:928  0:000        9AFE6000: 'DSDT', 'ACRPRDCT', Rev: 1, Len: 60408
27:930  0:002        9AFBA000: 'FACS', Ver: 2, Len: 64
27:930  0:000    1. 9AFFD000: 'UEFI', 'ACRPRDCT', Rev: 1, Len: 566
27:930  0:000    2. 9AFFB000: 'FPDT', 'ACRPRDCT', Rev: 1, Len: 68
27:930  0:000    3. 9AFF9000: 'ASF!', 'ACRPRDCT', Rev: 32, Len: 165
27:930  0:000    4. 9AFF7000: 'HPET', 'ACRPRDCT', Rev: 1, Len: 56
27:930  0:000    5. 9AFF6000: 'APIC', 'ACRPRDCT', Rev: 3, Len: 140
27:930  0:000    6. 9AFF5000: 'MCFG', 'ACRPRDCT', Rev: 1, Len: 60
27:930  0:000    7. 9AFE4000: 'BOOT', 'ACRPRDCT', Rev: 1, Len: 40
27:930  0:000    8. 9AFE3000: 'LPIT', 'ACRPRDCT', Rev: 1, Len: 148
27:930  0:000    9. 9AFE1000: 'ASPT', 'ACRPRDCT', Rev: 7, Len: 52
27:930  0:000    10. 9AFE0000: 'DBGP', 'ACRPRDCT', Rev: 1, Len: 52
27:930  0:000    11. 9AFDF000: 'SSDT', 'ACRPRDCT', Rev: 1, Len: 1337
27:930  0:000    12. 9AFDE000: 'SSDT', 'ACRPRDCT', Rev: 1, Len: 2776
27:930  0:000    13. 9AFDB000: 'SSDT', 'ACRPRDCT', Rev: 1, Len: 12013
27:930  0:000    14. 9AFD6000: 'SSDT', 'ACRPRDCT', Rev: 1, Len: 11433
27:930  0:000    15. 9AFD9000: 'SSDT', 'ACRPRDCT', Rev: 1, Len: 2230
27:930  0:000    16. 9AFDA000: 'BGRT', 'ACRPRDCT', Rev: 1, Len: 56
30:560  2:630  ParseBootOption: invalid input params
30:560  0:000  BootVariable of the entry is empty
30:560  0:000  === [ StartLoader ] =======================================
30:560  0:000  Finally: Bus=99769kHz CPU=2295MHz
30:560  0:000  Loading boot.efi  status=Success
30:658  0:097  GetOSVersion: 10.12 (16A323)
30:658  0:000  CSR_CFG: CSR_ALLOW_UNTRUSTED_KEXTS | CSR_ALLOW_UNRESTRICTED_FS | CSR_ALLOW_TASK_FOR_PID | CSR_ALLOW_KERNEL_DEBUGGER | CSR_ALLOW_APPLE_INTERNAL | CSR_ALLOW_UNRESTRICTED_DTRACE | CSR_ALLOW_UNRESTRICTED_NVRAM | CSR_ALLOW_DEVICE_CONFIGURATION | CSR_DISABLE_BASESYSTEM_
30:658  0:000  Filtering KextPatches:
30:658  0:000   - [00]: AppleHDA (Expect 2 matches) :: BinPatch :: [OS: 10.12 | MatchOS: All | MatchBuild: All] ==> allowed
30:658  0:000   - [01]: AirPortBrcm4360 (AirPortBrcm4360 - fcvo, 10.12.x (credit the-darkvoid)) :: BinPatch :: [OS: 10.12 | MatchOS: 10.12.x | MatchBuild: All] ==> allowed
30:658  0:000   - [02]: AppleHDA (Expect 2 matches) :: BinPatch :: [OS: 10.12 | MatchOS: All | MatchBuild: All] ==> allowed
30:658  0:000   - [03]: AppleHDA (Expect 2 matches) :: BinPatch :: [OS: 10.12 | MatchOS: All | MatchBuild: All] ==> allowed
30:658  0:000   - [04]: IOAHCIBlockStorage (Enable TRIM for SSD) :: BinPatch :: [OS: 10.12 | MatchOS: All | MatchBuild: All] ==> allowed
30:658  0:000   - [05]: IOGraphicsFamily (Boot graphics glitch, 10.12.dp1 (credit denskop)) :: BinPatch :: [OS: 10.12 | MatchOS: 10.12.x | MatchBuild: All] ==> allowed
30:658  0:000   - [06]: AppleIntelFramebufferAzul (Isolate IntelAccelerator HD4600 (10.11.6 & 10.12)) :: BinPatch :: [OS: 10.12 | MatchOS: 10.12.x | MatchBuild: All] ==> allowed
30:658  0:000   - [07]: AppleAHCIPort (External icons patch) :: BinPatch :: [OS: 10.12 | MatchOS: All | MatchBuild: All] ==> allowed
30:658  0:000   - [08]: com.apple.driver.usb.AppleUSBXHCIPCI (change 15 port limit to 20 in XHCI kext (9-series)) :: BinPatch :: [OS: 10.12 | MatchOS: 10.12.x | MatchBuild: All] ==> allowed
30:658  0:000  === [ PatchSmbios ] =======================================
30:658  0:000  insert table 9 for dev 0:1
30:658  0:000  insert table 9 for dev 0:0
30:659  0:000  Trusting SMBIOS...
30:659  0:000  Detected alternating SMBIOS channel banks
30:659  0:000  Channels: 1
30:659  0:000  Interleave: 0 1 2 3 4 5 6 7 8 9 10 11 12 13 14 15 16 17 18 19 20 21 22 23
30:659  0:000   partNum=HMT451S6MFR6A-PB  
30:659  0:000  SMBIOS Type 17 Index = 0 => 0 0:
30:659  0:000  BANK 0 DIMM0 1600MHz 4096MB
30:659  0:000   partNum=HMT451S6AFR8A-PB  
30:659  0:000  SMBIOS Type 17 Index = 1 => 1 1:
30:659  0:000  BANK 0 DIMM1 1600MHz 4096MB
30:659  0:000  mTotalSystemMemory = 8192
30:659  0:000  NumberOfMemoryDevices = 2
30:659  0:000  Type20[0]->End = 0x3FFFFF, Type17[0] = 0x1000
30:659  0:000  Type20[1]->End = 0x3FFFFF, Type17[1] = 0x3000
30:659  0:000  Table 131 is present, CPUType=31
30:659  0:000  Change to: 605
30:659  0:000  === [ PatchACPI ] =========================================
30:659  0:000  RSDT 0x9AFFE124
30:659  0:000  FADT from RSDT: 0x9AFF8000
30:659  0:000  XSDT 0x9AFFE210
30:659  0:000  FADT from XSDT: 0x9AFF8000
30:659  0:000  Xsdt reallocation done
30:659  0:000  old FADT length=10C
30:659  0:000  DSDT found in Clover volume OEM folder: EFI\CLOVER\ACPI\patched\DSDT.aml
30:673  0:014  Apply DsdtFixMask=0x00000010
30:673  0:000     drop _DSM mask=0x0000
30:673  0:000  === [ FixBiosDsdt ] =======================================
30:673  0:000  VideoCard devID=0xA168086
30:673  0:000  DisplayADR1[0] = 0x20000, DisplayADR2[0] = 0xFFFE
30:673  0:000  Audio HDA (addr:0x30000) setting specified layout-id=3 (0x3)
30:673  0:000  USBADR[0] = 0x140000 and PCIe = 0xFFFE
30:673  0:000  Audio HDA (addr:0x1B0000) setting specified layout-id=3 (0x3)
30:673  0:000  Found Airport Atheros at 0x1C0002, 0x0, DeviceID=0x0034
30:673  0:000  USBADR[1] = 0x1D0000 and PCIe = 0xFFFE
30:673  0:000  Patching DSDT:
30:673  0:000   - [EHC1 to EH01]: pattern 45484331, patched at: [ (1D8B) (11) (10) (52E4) (7A2D) (1C) (1C) (13E0E) ]
30:674  0:000  first CPU found at 1F04 offset 1F07
30:674  0:000  score candidate at 1F00
30:674  0:000  score inserted in acpi_cpu_score _PR_
30:674  0:000  Found ACPI CPU: CPU0 | CPU1 | CPU2 | CPU3 | CPU4 | CPU5 | CPU6 | CPU7 , within the score: _PR_
30:675  0:000  Start HPET Fix
30:676  0:001  === [ ACPIDropTables ] ====================================
30:676  0:000  === [ DropSSDT ] ==========================================
30:676  0:000  Drop tables from Xsdt, SIGN=SSDT TableID= Length=0
30:676  0:000   Xsdt has tables count=17
30:676  0:000   Table: SSDT  ACRPRDCT  1337 dropped
30:676  0:000   Table: SSDT  ACRPRDCT  2776 dropped
30:676  0:000   Table: SSDT  ACRPRDCT  12013 dropped
30:676  0:000   Table: SSDT  ACRPRDCT  11433 dropped
30:676  0:000   Table: SSDT  ACRPRDCT  2230 dropped
30:676  0:000  === [ ACPIPatchedAML ] ====================================
30:676  0:000  Unsorted
30:676  0:000  Inserting SSDT-0.aml from EFI\CLOVER\ACPI\patched ... Success
30:684  0:007  Inserting SSDT-1.aml from EFI\CLOVER\ACPI\patched ... Success
30:684  0:000  Inserting SSDT-2.aml from EFI\CLOVER\ACPI\patched ... Success
30:684  0:000  Inserting SSDT.aml from EFI\CLOVER\ACPI\patched ... Success
30:684  0:000  CPUBase=0 and ApicCPUBase=1 ApicCPUNum=8
30:684  0:000  === [ RestSetup macOS ] ===================================
30:684  0:000  EdidDiscovered size=128
30:684  0:000  ------- EDID Table
30:684  0:000  000  |  00  FF  FF  FF  FF  FF  FF  00  30  E4
30:684  0:000  010  |  E3  03  00  00  00  00  00  16  01  04
30:684  0:000  020  |  95  1F  11  78  EA  4B  B5  94  58  56
30:684  0:000  030  |  91  28  1F  50  54  00  00  00  01  01
30:684  0:000  040  |  01  01  01  01  01  01  01  01  01  01
30:684  0:000  050  |  01  01  01  01  CE  1D  56  F4  50  00
30:684  0:000  060  |  16  30  30  20  35  00  36  AE  10  00
30:684  0:000  070  |  00  19  00  00  00  00  00  00  00  00
30:684  0:000  080  |  00  00  00  00  00  00  00  00  00  00
30:684  0:000  090  |  00  00  00  FE  00  4C  47  20  44  69
30:684  0:000  100  |  73  70  6C  61  79  0A  20  20  00  00
30:684  0:000  110  |  00  FE  00  4C  50  31  34  30  57  48
30:684  0:000  120  |  55  2D  54  50  41  31  00  68
30:684  0:000  Intel HD Graphics 4400 [8086:0A16] :: PciRoot(0x0)\Pci(0x2,0x0)
30:684  0:000    Found Full Wide XGA Display - 16:9 :: Width=1366 Height=768
30:684  0:000    Default AAPL00,DualLink = 1
30:684  0:000    Low Resolution Display
30:684  0:000    AAPL00,DualLink: changed from 1 to not used
30:684  0:000    FakeID Intel GFX = 0x04128086
30:684  0:000    ig-platform-id = 0x0A16000C
30:684  0:000  Intel GFX revision  = 0x9
30:684  0:000   setting specified layout-id=3 (0x3)
30:684  0:000   setting specified layout-id=3 (0x3)
30:685  0:000  stringlength = 2562
30:685  0:000  CurrentMode: Width=1366 Height=768
30:685  0:000  Beginning FSInjection
FSInjectionInstall ...
- Our FSI_SIMPLE_FILE_SYSTEM_PROTOCOL installed on handle: 98517A98
FSInjectionInstall ...
- Our FSI_SIMPLE_FILE_SYSTEM_PROTOCOL installed on handle: 98517A98
30:703  0:018  Use origin smbios table type 1 guid.
30:705  0:001  Preparing kexts injection for arch=x86_64 from EFI\CLOVER\kexts\Other
30:710  0:004    Extra kext: EFI\CLOVER\kexts\Other\ACPIBatteryManager.kext
30:720  0:010    Extra kext: EFI\CLOVER\kexts\Other\AppleALC.kext
30:767  0:046      Extra PlugIn kext: EFI\CLOVER\kexts\Other\AppleALC.kext\Contents\PlugIns\PinConfigs.kext
30:846  0:079    Extra kext: EFI\CLOVER\kexts\Other\ApplePS2SmartTouchPad.kext
30:901  0:054      Extra PlugIn kext: EFI\CLOVER\kexts\Other\ApplePS2SmartTouchPad.kext\Contents\PlugIns\ApplePS2Controller.kext
30:918  0:016      Extra PlugIn kext: EFI\CLOVER\kexts\Other\ApplePS2SmartTouchPad.kext\Contents\PlugIns\ApplePS2Keyboard.kext
30:939  0:021    Extra kext: EFI\CLOVER\kexts\Other\BrcmFirmwareData.kext
31:075  0:135    Extra kext: EFI\CLOVER\kexts\Other\BrcmPatchRAM2.kext
31:188  0:112    Extra kext: EFI\CLOVER\kexts\Other\Sinetek-rtsx.kext
31:206  0:017    Extra kext: EFI\CLOVER\kexts\Other\CodecCommander.kext
31:240  0:034    Extra kext: EFI\CLOVER\kexts\Other\FakePCIID.kext
31:252  0:011    Extra kext: EFI\CLOVER\kexts\Other\FakePCIID_AR9280_as_AR946x.kext
31:266  0:014    Extra kext: EFI\CLOVER\kexts\Other\FakePCIID_Intel_HD_Graphics.kext
31:279  0:012    Extra kext: EFI\CLOVER\kexts\Other\FakePCIID_Intel_HDMI_Audio.kext
31:292  0:012    Extra kext: EFI\CLOVER\kexts\Other\FakePCIID_XHCIMux.kext
31:308  0:016    Extra kext: EFI\CLOVER\kexts\Other\FakeSMC.kext
31:355  0:046    Extra kext: EFI\CLOVER\kexts\Other\FakeSMC_ACPISensors.kext
31:385  0:030    Extra kext: EFI\CLOVER\kexts\Other\FakeSMC_CPUSensors.kext
31:400  0:014    Extra kext: EFI\CLOVER\kexts\Other\FakeSMC_GPUSensors.kext
31:427  0:027    Extra kext: EFI\CLOVER\kexts\Other\FakeSMC_LPCSensors.kext
31:549  0:121    Extra kext: EFI\CLOVER\kexts\Other\VoodooPS2Controller.kext
31:576  0:027      Extra PlugIn kext: EFI\CLOVER\kexts\Other\VoodooPS2Controller.kext\Contents\PlugIns\VoodooPS2Keyboard.kext
31:666  0:089      Extra PlugIn kext: EFI\CLOVER\kexts\Other\VoodooPS2Controller.kext\Contents\PlugIns\VoodooPS2Mouse.kext
31:689  0:023    Extra kext: EFI\CLOVER\kexts\Other\AirPortAtheros40.kext
31:785  0:096    Extra kext: EFI\CLOVER\kexts\Other\AppleHDA.kext
31:867  0:081      Extra PlugIn kext: EFI\CLOVER\kexts\Other\AppleHDA.kext\Contents\PlugIns\AppleHDAController.kext
31:897  0:030      Extra PlugIn kext: EFI\CLOVER\kexts\Other\AppleHDA.kext\Contents\PlugIns\AppleHDAHardwareConfigDriver.kext
31:935  0:037      Extra PlugIn kext: EFI\CLOVER\kexts\Other\AppleHDA.kext\Contents\PlugIns\AppleMikeyDriver.kext
31:959  0:024      Extra PlugIn kext: EFI\CLOVER\kexts\Other\AppleHDA.kext\Contents\PlugIns\DspFuncLib.kext
32:044  0:085      Extra PlugIn kext: EFI\CLOVER\kexts\Other\AppleHDA.kext\Contents\PlugIns\IOHDAFamily.kext
32:073  0:028    Extra kext: EFI\CLOVER\kexts\Other\GenericUSBXHCI.kext
32:103  0:030    Extra kext: EFI\CLOVER\kexts\Other\intelhaxm.kext
32:124  0:020    Extra kext: EFI\CLOVER\kexts\Other\realtekALC.kext
32:190  0:066    Extra kext: EFI\CLOVER\kexts\Other\SoftRAID.kext
32:242  0:052    Extra kext: EFI\CLOVER\kexts\Other\USBInjectAll.kext
32:842  0:599  Preparing kexts injection for arch=x86_64 from EFI\CLOVER\kexts\10.12
32:847  0:004    Extra kext: EFI\CLOVER\kexts\10.12\ACPIBatteryManager.kext
32:887  0:039    Extra kext: EFI\CLOVER\kexts\10.12\AppleALC.kext
32:953  0:066      Extra PlugIn kext: EFI\CLOVER\kexts\10.12\AppleALC.kext\Contents\PlugIns\PinConfigs.kext
33:457  0:503    Extra kext: EFI\CLOVER\kexts\10.12\ApplePS2SmartTouchPad.kext
33:621  0:164      Extra PlugIn kext: EFI\CLOVER\kexts\10.12\ApplePS2SmartTouchPad.kext\Contents\PlugIns\ApplePS2Controller.kext
33:651  0:029      Extra PlugIn kext: EFI\CLOVER\kexts\10.12\ApplePS2SmartTouchPad.kext\Contents\PlugIns\ApplePS2Keyboard.kext
33:694  0:042    Extra kext: EFI\CLOVER\kexts\10.12\BrcmFirmwareData.kext
33:837  0:143    Extra kext: EFI\CLOVER\kexts\10.12\BrcmPatchRAM2.kext
34:131  0:294    Extra kext: EFI\CLOVER\kexts\10.12\Sinetek-rtsx.kext
34:159  0:027    Extra kext: EFI\CLOVER\kexts\10.12\CodecCommander.kext
34:215  0:056    Extra kext: EFI\CLOVER\kexts\10.12\FakePCIID.kext
34:238  0:022    Extra kext: EFI\CLOVER\kexts\10.12\FakePCIID_AR9280_as_AR946x.kext
34:253  0:015    Extra kext: EFI\CLOVER\kexts\10.12\FakePCIID_Intel_HD_Graphics.kext
34:278  0:025    Extra kext: EFI\CLOVER\kexts\10.12\FakePCIID_Intel_HDMI_Audio.kext
34:308  0:029    Extra kext: EFI\CLOVER\kexts\10.12\FakePCIID_XHCIMux.kext
34:336  0:027    Extra kext: EFI\CLOVER\kexts\10.12\FakeSMC.kext
34:377  0:041    Extra kext: EFI\CLOVER\kexts\10.12\FakeSMC_ACPISensors.kext
34:419  0:041    Extra kext: EFI\CLOVER\kexts\10.12\FakeSMC_CPUSensors.kext
34:440  0:021    Extra kext: EFI\CLOVER\kexts\10.12\FakeSMC_GPUSensors.kext
34:472  0:031    Extra kext: EFI\CLOVER\kexts\10.12\FakeSMC_LPCSensors.kext
34:886  0:414    Extra kext: EFI\CLOVER\kexts\10.12\AirPortAtheros40.kext
34:982  0:096    Extra kext: EFI\CLOVER\kexts\10.12\AppleHDA.kext
35:062  0:079      Extra PlugIn kext: EFI\CLOVER\kexts\10.12\AppleHDA.kext\Contents\PlugIns\AppleHDAController.kext
35:093  0:030      Extra PlugIn kext: EFI\CLOVER\kexts\10.12\AppleHDA.kext\Contents\PlugIns\AppleHDAHardwareConfigDriver.kext
35:145  0:051      Extra PlugIn kext: EFI\CLOVER\kexts\10.12\AppleHDA.kext\Contents\PlugIns\AppleMikeyDriver.kext
35:169  0:024      Extra PlugIn kext: EFI\CLOVER\kexts\10.12\AppleHDA.kext\Contents\PlugIns\DspFuncLib.kext
35:254  0:085      Extra PlugIn kext: EFI\CLOVER\kexts\10.12\AppleHDA.kext\Contents\PlugIns\IOHDAFamily.kext
35:281  0:026    Extra kext: EFI\CLOVER\kexts\10.12\GenericUSBXHCI.kext
35:314  0:032    Extra kext: EFI\CLOVER\kexts\10.12\VoodooPS2Controller.kext
35:346  0:031      Extra PlugIn kext: EFI\CLOVER\kexts\10.12\VoodooPS2Controller.kext\Contents\PlugIns\VoodooPS2Keyboard.kext
35:403  0:057      Extra PlugIn kext: EFI\CLOVER\kexts\10.12\VoodooPS2Controller.kext\Contents\PlugIns\VoodooPS2Mouse.kext
35:427  0:023    Extra kext: EFI\CLOVER\kexts\10.12\intelhaxm.kext
35:447  0:020    Extra kext: EFI\CLOVER\kexts\10.12\realtekALC.kext
35:523  0:076    Extra kext: EFI\CLOVER\kexts\10.12\SoftRAID.kext
35:576  0:052    Extra kext: EFI\CLOVER\kexts\10.12\USBInjectAll.kext
36:145  0:569  Custom boot is disabled
36:145  0:000  Closing log
